<?xml version="1.0" encoding="UTF-8"?>
<testng-results skipped="0" failed="1" ignored="0" total="4" passed="3">
  <reporter-output>
  </reporter-output>
  <suite name="Default suite" duration-ms="44852" started-at="2021-03-23T16:21:14 IST" finished-at="2021-03-23T16:21:58 IST">
    <groups>
    </groups>
    <test name="Default test" duration-ms="44852" started-at="2021-03-23T16:21:14 IST" finished-at="2021-03-23T16:21:58 IST">
      <class name="testmeapp.tests.OnlineShoppingTest01">
        <test-method status="PASS" signature="beforeTest()[pri:0, instance:testmeapp.tests.OnlineShoppingTest01@cb51256]" name="beforeTest" is-config="true" duration-ms="4415" started-at="2021-03-23T16:21:14 IST" finished-at="2021-03-23T16:21:18 IST">
          <reporter-output>
          </reporter-output>
        </test-method> <!-- beforeTest -->
        <test-method status="FAIL" signature="testRegistration()[pri:1, instance:testmeapp.tests.OnlineShoppingTest01@cb51256]" name="testRegistration" duration-ms="11371" started-at="2021-03-23T16:21:18 IST" finished-at="2021-03-23T16:21:29 IST">
          <exception class="java.lang.AssertionError">
            <message>
              <![CDATA[expected [Available] but found [New]]]>
            </message>
            <full-stacktrace>
              <![CDATA[java.lang.AssertionError: expected [Available] but found [New]
at org.testng.Assert.fail(Assert.java:99)
at org.testng.Assert.failNotEquals(Assert.java:1037)
at org.testng.Assert.assertEqualsImpl(Assert.java:140)
at org.testng.Assert.assertEquals(Assert.java:122)
at org.testng.Assert.assertEquals(Assert.java:629)
at org.testng.Assert.assertEquals(Assert.java:639)
at testmeapp.tests.OnlineShoppingTest01.testRegistration(OnlineShoppingTest01.java:66)
at sun.reflect.NativeMethodAccessorImpl.invoke0(Native Method)
at sun.reflect.NativeMethodAccessorImpl.invoke(NativeMethodAccessorImpl.java:62)
at sun.reflect.DelegatingMethodAccessorImpl.invoke(DelegatingMethodAccessorImpl.java:43)
at java.lang.reflect.Method.invoke(Method.java:498)
at org.testng.internal.MethodInvocationHelper.invokeMethod(MethodInvocationHelper.java:132)
at org.testng.internal.TestInvoker.invokeMethod(TestInvoker.java:599)
at org.testng.internal.TestInvoker.invokeTestMethod(TestInvoker.java:174)
at org.testng.internal.MethodRunner.runInSequence(MethodRunner.java:46)
at org.testng.internal.TestInvoker$MethodInvocationAgent.invoke(TestInvoker.java:822)
at org.testng.internal.TestInvoker.invokeTestMethods(TestInvoker.java:147)
at org.testng.internal.TestMethodWorker.invokeTestMethods(TestMethodWorker.java:146)
at org.testng.internal.TestMethodWorker.run(TestMethodWorker.java:128)
at java.util.ArrayList.forEach(ArrayList.java:1259)
at org.testng.TestRunner.privateRun(TestRunner.java:764)
at org.testng.TestRunner.run(TestRunner.java:585)
at org.testng.SuiteRunner.runTest(SuiteRunner.java:384)
at org.testng.SuiteRunner.runSequentially(SuiteRunner.java:378)
at org.testng.SuiteRunner.privateRun(SuiteRunner.java:337)
at org.testng.SuiteRunner.run(SuiteRunner.java:286)
at org.testng.SuiteRunnerWorker.runSuite(SuiteRunnerWorker.java:53)
at org.testng.SuiteRunnerWorker.run(SuiteRunnerWorker.java:96)
at org.testng.TestNG.runSuitesSequentially(TestNG.java:1218)
at org.testng.TestNG.runSuitesLocally(TestNG.java:1140)
at org.testng.TestNG.runSuites(TestNG.java:1069)
at org.testng.TestNG.run(TestNG.java:1037)
at org.testng.remote.AbstractRemoteTestNG.run(AbstractRemoteTestNG.java:115)
at org.testng.remote.RemoteTestNG.initAndRun(RemoteTestNG.java:251)
at org.testng.remote.RemoteTestNG.main(RemoteTestNG.java:77)
]]>
            </full-stacktrace>
          </exception> <!-- java.lang.AssertionError -->
          <reporter-output>
          </reporter-output>
        </test-method> <!-- testRegistration -->
        <test-method status="PASS" signature="afterMethod(org.testng.ITestResult)[pri:0, instance:testmeapp.tests.OnlineShoppingTest01@cb51256]" name="afterMethod" is-config="true" duration-ms="632" started-at="2021-03-23T16:21:29 IST" finished-at="2021-03-23T16:21:30 IST">
          <params>
            <param index="0">
              <value>
                <![CDATA[[TestResult name=testRegistration status=FAILURE method=OnlineShoppingTest01.testRegistration()[pri:1, instance:testmeapp.tests.OnlineShoppingTest01@cb51256] output={null}]]]>
              </value>
            </param>
          </params>
          <reporter-output>
          </reporter-output>
        </test-method> <!-- afterMethod -->
        <test-method status="PASS" signature="testLogin()[pri:2, instance:testmeapp.tests.OnlineShoppingTest01@cb51256]" name="testLogin" duration-ms="15744" started-at="2021-03-23T16:21:30 IST" finished-at="2021-03-23T16:21:46 IST">
          <reporter-output>
          </reporter-output>
        </test-method> <!-- testLogin -->
        <test-method status="PASS" signature="afterMethod(org.testng.ITestResult)[pri:0, instance:testmeapp.tests.OnlineShoppingTest01@cb51256]" name="afterMethod" is-config="true" duration-ms="0" started-at="2021-03-23T16:21:46 IST" finished-at="2021-03-23T16:21:46 IST">
          <params>
            <param index="0">
              <value>
                <![CDATA[[TestResult name=testLogin status=SUCCESS method=OnlineShoppingTest01.testLogin()[pri:2, instance:testmeapp.tests.OnlineShoppingTest01@cb51256] output={null}]]]>
              </value>
            </param>
          </params>
          <reporter-output>
          </reporter-output>
        </test-method> <!-- afterMethod -->
        <test-method status="PASS" signature="testCart()[pri:3, instance:testmeapp.tests.OnlineShoppingTest01@cb51256]" name="testCart" duration-ms="4370" started-at="2021-03-23T16:21:46 IST" finished-at="2021-03-23T16:21:50 IST">
          <reporter-output>
          </reporter-output>
        </test-method> <!-- testCart -->
        <test-method status="PASS" signature="afterMethod(org.testng.ITestResult)[pri:0, instance:testmeapp.tests.OnlineShoppingTest01@cb51256]" name="afterMethod" is-config="true" duration-ms="1" started-at="2021-03-23T16:21:50 IST" finished-at="2021-03-23T16:21:50 IST">
          <params>
            <param index="0">
              <value>
                <![CDATA[[TestResult name=testCart status=SUCCESS method=OnlineShoppingTest01.testCart()[pri:3, instance:testmeapp.tests.OnlineShoppingTest01@cb51256] output={null}]]]>
              </value>
            </param>
          </params>
          <reporter-output>
          </reporter-output>
        </test-method> <!-- afterMethod -->
        <test-method status="PASS" signature="testPayment()[pri:4, instance:testmeapp.tests.OnlineShoppingTest01@cb51256]" name="testPayment" duration-ms="7347" started-at="2021-03-23T16:21:50 IST" finished-at="2021-03-23T16:21:57 IST">
          <reporter-output>
          </reporter-output>
        </test-method> <!-- testPayment -->
        <test-method status="PASS" signature="afterMethod(org.testng.ITestResult)[pri:0, instance:testmeapp.tests.OnlineShoppingTest01@cb51256]" name="afterMethod" is-config="true" duration-ms="0" started-at="2021-03-23T16:21:57 IST" finished-at="2021-03-23T16:21:57 IST">
          <params>
            <param index="0">
              <value>
                <![CDATA[[TestResult name=testPayment status=SUCCESS method=OnlineShoppingTest01.testPayment()[pri:4, instance:testmeapp.tests.OnlineShoppingTest01@cb51256] output={null}]]]>
              </value>
            </param>
          </params>
          <reporter-output>
          </reporter-output>
        </test-method> <!-- afterMethod -->
        <test-method status="PASS" signature="afterTest()[pri:0, instance:testmeapp.tests.OnlineShoppingTest01@cb51256]" name="afterTest" is-config="true" duration-ms="889" started-at="2021-03-23T16:21:57 IST" finished-at="2021-03-23T16:21:58 IST">
          <reporter-output>
          </reporter-output>
        </test-method> <!-- afterTest -->
      </class> <!-- testmeapp.tests.OnlineShoppingTest01 -->
    </test> <!-- Default test -->
  </suite> <!-- Default suite -->
</testng-results>
